<?xml version="1.0" encoding="UTF-8"?>
<!-- Generated by org.testng.reporters.JUnitReportReporter -->
<testsuite hostname="LeMakhno" failures="0" tests="1" name="com.lemakhno.mytests.JiraTest" time="1.660" errors="0" timestamp="2022-07-07T14:49:42 EEST" skipped="0">
  <testcase classname="com.lemakhno.mytests.JiraTest" name="testLogin" time="1.660"/>
  <system-out/>
</testsuite> <!-- com.lemakhno.mytests.JiraTest -->
