<?xml version="1.0" encoding="UTF-8"?>
<!-- Generated by org.testng.reporters.JUnitReportReporter -->
<testsuite hostname="LeMakhno" failures="0" tests="5" name="com.lemakhno.mytests.LibraryTest" time="3.482" errors="0" timestamp="2022-07-04T01:41:12 EEST" skipped="0">
  <testcase classname="com.lemakhno.mytests.LibraryTest" name="testBulkBooksCreation" time="0.726"/>
  <system-out/>
  <testcase classname="com.lemakhno.mytests.LibraryTest" name="testBulkBooksCreation" time="0.708"/>
  <system-out/>
  <testcase classname="com.lemakhno.mytests.LibraryTest" name="testBulkBooksCreation" time="0.660"/>
  <system-out/>
  <testcase classname="com.lemakhno.mytests.LibraryTest" name="testCreateNewBook" time="0.691"/>
  <system-out/>
  <testcase classname="com.lemakhno.mytests.LibraryTest" name="testGetBooksByAuthorName" time="0.697"/>
  <system-out/>
</testsuite> <!-- com.lemakhno.mytests.LibraryTest -->
