<?xml version="1.0" encoding="UTF-8"?>
<!-- Generated by org.testng.reporters.JUnitReportReporter -->
<testsuite hostname="LeMakhno" failures="0" tests="1" name="com.lemakhno.mytests.SerialDeserialSimpleTest" time="0.006" errors="0" timestamp="2022-07-07T18:17:13 EEST" skipped="0">
  <testcase classname="com.lemakhno.mytests.SerialDeserialSimpleTest" name="parametrizedTest" time="0.006"/>
  <system-out/>
</testsuite> <!-- com.lemakhno.mytests.SerialDeserialSimpleTest -->
