<?xml version="1.0" encoding="UTF-8"?>
<!-- Generated by org.testng.reporters.JUnitReportReporter -->
<testsuite hostname="LeMakhno" failures="0" tests="5" name="com.lemakhno.mytests.JiraTest" time="2.093" errors="0" timestamp="2022-07-04T01:41:12 EEST" skipped="0">
  <testcase classname="com.lemakhno.mytests.JiraTest" name="testLogin" time="1.710"/>
  <system-out/>
  <testcase classname="com.lemakhno.mytests.JiraTest" name="testCreateIssue" time="0.068"/>
  <system-out/>
  <testcase classname="com.lemakhno.mytests.JiraTest" name="testAddCommentToIssue" time="0.056"/>
  <system-out/>
  <testcase classname="com.lemakhno.mytests.JiraTest" name="testAddAttachmentToIssue" time="0.160"/>
  <system-out/>
  <testcase classname="com.lemakhno.mytests.JiraTest" name="testDeleteIssue" time="0.099"/>
  <system-out/>
</testsuite> <!-- com.lemakhno.mytests.JiraTest -->
