<?xml version="1.0" encoding="UTF-8"?>
<!-- Generated by org.testng.reporters.JUnitReportReporter -->
<testsuite hostname="LeMakhno" failures="0" tests="3" name="com.lemakhno.mytests.factory.TestClassUnderFactory" time="0.006" errors="0" timestamp="2022-07-07T20:14:30 EEST" skipped="0">
  <testcase classname="com.lemakhno.mytests.factory.TestClassUnderFactory" name="test1" time="0.006"/>
  <system-out/>
  <testcase classname="com.lemakhno.mytests.factory.TestClassUnderFactory" name="test1" time="0.000"/>
  <system-out/>
  <testcase classname="com.lemakhno.mytests.factory.TestClassUnderFactory" name="test1" time="0.000"/>
  <system-out/>
</testsuite> <!-- com.lemakhno.mytests.factory.TestClassUnderFactory -->
