<?xml version="1.0" encoding="UTF-8"?>
<!-- Generated by org.testng.reporters.JUnitReportReporter -->
<testsuite hostname="LeMakhno" failures="0" tests="5" name="com.lemakhno.mytests.LibraryTest" time="3.464" errors="0" timestamp="2022-07-03T22:57:08 EEST" skipped="0">
  <testcase classname="com.lemakhno.mytests.LibraryTest" name="testBulkBooksCreation" time="0.669"/>
  <system-out/>
  <testcase classname="com.lemakhno.mytests.LibraryTest" name="testCreateNewBook" time="0.695"/>
  <system-out/>
  <testcase classname="com.lemakhno.mytests.LibraryTest" name="testBulkBooksCreation" time="0.731"/>
  <system-out/>
  <testcase classname="com.lemakhno.mytests.LibraryTest" name="testBulkBooksCreation" time="0.670"/>
  <system-out/>
  <testcase classname="com.lemakhno.mytests.LibraryTest" name="testGetBooksByAuthorName" time="0.699"/>
  <system-out/>
</testsuite> <!-- com.lemakhno.mytests.LibraryTest -->
